<?xml version="1.0" encoding="UTF-8"?>
<!-- Generated by org.testng.reporters.JUnitReportReporter -->
<testsuite hostname="sentium-Vivobook-ASUSLaptop-M3401QA-M3401QA" failures="0" tests="2" name="test.ShopPageTest" time="17.498" errors="0" timestamp="2023-05-19T18:01:45 AMT" skipped="0">
  <testcase classname="test.ShopPageTest" name="checkCountsPerPage" time="8.963"/>
  <system-out/>
  <testcase classname="test.ShopPageTest" name="addToCartAndCheckItemCountTest" time="8.535"/>
  <system-out/>
</testsuite> <!-- test.ShopPageTest -->
